
> @plex-exporter/backend@0.1.0 start
> tsx src/server.ts

[exports] Using exports path: C:\Users\nilsd\Documents\GitHub\plex-exporter\data\exports
node:events:497
      throw er; // Unhandled 'error' event
      ^

Error: listen EADDRINUSE: address already in use :::4000
    at Server.setupListenHandle [as _listen2] (node:net:1940:16)
    at listenInCluster (node:net:1997:12)
    at Server.listen (node:net:2102:7)
    at Function.listen (C:\Users\nilsd\Documents\GitHub\plex-exporter\node_modules\express\lib\application.js:635:24)
    at <anonymous> (C:\Users\nilsd\Documents\GitHub\plex-exporter\apps\backend\src\server.ts:108:5)
    at ModuleJob.run (node:internal/modules/esm/module_job:345:25)
    at async onImport.tracePromise.__proto__ (node:internal/modules/esm/loader:665:26)
    at async asyncRunEntryPointWithESMLoader (node:internal/modules/run_main:117:5)
Emitted 'error' event on Server instance at:
    at emitErrorNT (node:net:1976:8)
    at process.processTicksAndRejections (node:internal/process/task_queues:90:21) {
  code: 'EADDRINUSE',
  errno: -4091,
  syscall: 'listen',
  address: '::',
  port: 4000
}

Node.js v22.20.0
npm error Lifecycle script `start` failed with error:
npm error code 1
npm error path C:\Users\nilsd\Documents\GitHub\plex-exporter\apps\backend
npm error workspace @plex-exporter/backend@0.1.0
npm error location C:\Users\nilsd\Documents\GitHub\plex-exporter\apps\backend
npm error command failed
npm error command C:\WINDOWS\system32\cmd.exe /d /s /c tsx src/server.ts
